<?xml version="1.0" encoding="UTF-8"?>
<testng-results skipped="0" failed="0" total="1" passed="1">
  <reporter-output>
  </reporter-output>
  <suite name="Suite" duration-ms="25631" started-at="2015-09-04T03:30:33Z" finished-at="2015-09-04T03:30:59Z">
    <groups>
    </groups>
    <test name="Test" duration-ms="25631" started-at="2015-09-04T03:30:33Z" finished-at="2015-09-04T03:30:59Z">
      <class name="com.opencart.pages.HomePage">
        <test-method status="PASS" signature="clickDemoLink()[pri:0, instance:com.opencart.pages.HomePage@27f674d]" name="clickDemoLink" duration-ms="25631" started-at="2015-09-04T13:30:33Z" finished-at="2015-09-04T13:30:59Z">
          <reporter-output>
          </reporter-output>
        </test-method> <!-- clickDemoLink -->
      </class> <!-- com.opencart.pages.HomePage -->
    </test> <!-- Test -->
  </suite> <!-- Suite -->
</testng-results>
